<?xml version="1.0" encoding="UTF-8"?>
<!-- Generated by org.testng.reporters.JUnitReportReporter -->
<testsuite name="com.testing.feature.Groups_Concepts" tests="4" time="0.032" ignored="1" failures="0" timestamp="29 Mar 2022 07:52:38 GMT" skipped="0" hostname="LAPTOP-BQC46TD3" errors="0">
  <testcase name="spotify" time="0.000" classname="com.testing.feature.Groups_Concepts"/>
  <testcase name="instagram" time="0.000" classname="com.testing.feature.Groups_Concepts"/>
  <testcase name="whatsapp" time="0.016" classname="com.testing.feature.Groups_Concepts"/>
  <testcase name="wynkMusic" time="0.016" classname="com.testing.feature.Groups_Concepts"/>
  <testcase name="books" classname="com.testing.feature.Groups_Concepts">
    <skipped/>
  </testcase> <!-- books -->
</testsuite> <!-- com.testing.feature.Groups_Concepts -->
