<?xml version="1.0" encoding="UTF-8"?>
<!-- Generated by org.testng.reporters.JUnitReportReporter -->
<testsuite skipped="0" hostname="LAPTOP-BQC46TD3" name="com.testng.feature.Multi_Threading" tests="2" failures="0" timestamp="2022-03-31T18:28:22 IST" time="0.015" errors="0">
  <testcase name="password" time="0.015" classname="com.testng.feature.Multi_Threading"/>
  <system-out/>
  <testcase name="username" time="0.000" classname="com.testng.feature.Multi_Threading"/>
  <system-out/>
</testsuite> <!-- com.testng.feature.Multi_Threading -->
