<?xml version="1.0" encoding="UTF-8"?>
<!-- Generated by org.testng.reporters.JUnitReportReporter -->
<testsuite name="com.testing.feature.Annotations_Demo" tests="2" time="0.000" ignored="0" failures="0" timestamp="28 Mar 2022 08:41:06 GMT" skipped="0" hostname="LAPTOP-BQC46TD3" errors="0">
  <testcase name="children" time="0.000" classname="com.testing.feature.Annotations_Demo"/>
  <testcase name="women" time="0.000" classname="com.testing.feature.Annotations_Demo"/>
</testsuite> <!-- com.testing.feature.Annotations_Demo -->
