<?xml version="1.0" encoding="UTF-8"?>
<!-- Generated by org.testng.reporters.JUnitReportReporter -->
<testsuite skipped="0" hostname="LAPTOP-BQC46TD3" name="com.testng.feature.Asser_Concepts_1" tests="1" failures="0" timestamp="2022-03-31T18:20:20 IST" time="0.016" errors="0">
  <testcase name="username1" time="0.016" classname="com.testng.feature.Asser_Concepts_1"/>
  <system-out/>
</testsuite> <!-- com.testng.feature.Asser_Concepts_1 -->
