<?xml version="1.0" encoding="UTF-8"?>
<!-- Generated by org.testng.reporters.JUnitReportReporter -->
<testsuite name="com.testing.feature.Priority_Concept" tests="3" time="0.031" ignored="0" failures="0" timestamp="29 Mar 2022 07:00:06 GMT" skipped="0" hostname="LAPTOP-BQC46TD3" errors="0">
  <testcase name="userName" time="0.015" classname="com.testing.feature.Priority_Concept"/>
  <testcase name="login" time="0.000" classname="com.testing.feature.Priority_Concept"/>
  <testcase name="password" time="0.016" classname="com.testing.feature.Priority_Concept"/>
</testsuite> <!-- com.testing.feature.Priority_Concept -->
