<?xml version="1.0" encoding="UTF-8"?>
<!-- Generated by org.testng.reporters.JUnitReportReporter -->
<testsuite skipped="0" hostname="LAPTOP-BQC46TD3" name="com.testng.feature.Data_Provider" tests="6" failures="0" timestamp="2022-03-31T16:45:10 IST" time="0.016" errors="0">
  <testcase name="Adactin_Runner" time="0.001" classname="com.testng.feature.Data_Provider"/>
  <system-out/>
  <testcase name="Automation_Runner" time="0.002" classname="com.testng.feature.Data_Provider"/>
  <system-out/>
  <testcase name="Adactin_Runner" time="0.001" classname="com.testng.feature.Data_Provider"/>
  <system-out/>
  <testcase name="Automation_Runner" time="0.001" classname="com.testng.feature.Data_Provider"/>
  <system-out/>
  <testcase name="Adactin_Runner" time="0.009" classname="com.testng.feature.Data_Provider"/>
  <system-out/>
  <testcase name="Automation_Runner" time="0.002" classname="com.testng.feature.Data_Provider"/>
  <system-out/>
</testsuite> <!-- com.testng.feature.Data_Provider -->
