<?xml version="1.0" encoding="UTF-8"?>
<!-- Generated by org.testng.reporters.JUnitReportReporter -->
<testsuite skipped="0" hostname="LAPTOP-BQC46TD3" name="com.testng.feature.Dependency_Test" tests="3" failures="0" timestamp="2022-03-31T16:12:45 IST" time="0.009" errors="0">
  <testcase name="HSC" time="0.001" classname="com.testng.feature.Dependency_Test"/>
  <system-out/>
  <testcase name="College" time="0.001" classname="com.testng.feature.Dependency_Test"/>
  <system-out/>
  <testcase name="SSLC" time="0.007" classname="com.testng.feature.Dependency_Test"/>
  <system-out/>
</testsuite> <!-- com.testng.feature.Dependency_Test -->
