<?xml version="1.0" encoding="UTF-8"?>
<!-- Generated by org.testng.reporters.JUnitReportReporter -->
<testsuite skipped="0" hostname="LAPTOP-BQC46TD3" name="com.testng.feature.Parameterized_Test" tests="1" failures="0" timestamp="2022-03-31T16:27:58 IST" time="0.007" errors="0">
  <testcase name="credentials" time="0.007" classname="com.testng.feature.Parameterized_Test"/>
  <system-out/>
</testsuite> <!-- com.testng.feature.Parameterized_Test -->
