<?xml version="1.0" encoding="UTF-8"?>
<!-- Generated by org.testng.reporters.JUnitReportReporter -->
<testsuite skipped="0" hostname="LAPTOP-BQC46TD3" name="com.testng.feature.Timeout_Test" tests="1" failures="0" timestamp="2022-03-31T16:02:30 IST" time="6.047" errors="0">
  <testcase name="browser_Execution" time="6.047" classname="com.testng.feature.Timeout_Test"/>
  <system-out/>
</testsuite> <!-- com.testng.feature.Timeout_Test -->
