<?xml version="1.0" encoding="UTF-8"?>
<!-- Generated by org.testng.reporters.JUnitReportReporter -->
<testsuite skipped="1" hostname="LAPTOP-BQC46TD3" name="com.testing.feature.Ignore_Concept" tests="4" failures="0" timestamp="2022-03-29T16:16:02 IST" time="0.012" errors="0">
  <testcase name="instagram" time="0.009" classname="com.testing.feature.Ignore_Concept"/>
  <system-out/>
  <testcase name="wynkMusic" time="0.001" classname="com.testing.feature.Ignore_Concept"/>
  <system-out/>
  <testcase name="spotify" time="0.002" classname="com.testing.feature.Ignore_Concept"/>
  <system-out/>
  <testcase name="books" classname="com.testing.feature.Ignore_Concept">
    <skipped/>
  </testcase> <!-- books -->
  <system-out/>
</testsuite> <!-- com.testing.feature.Ignore_Concept -->
