<?xml version="1.0" encoding="UTF-8"?>
<!-- Generated by org.testng.reporters.JUnitReportReporter -->
<testsuite name="com.testing.feature.Invocation_Count" tests="6" time="0.023" ignored="0" failures="0" timestamp="29 Mar 2022 07:38:39 GMT" skipped="0" hostname="LAPTOP-BQC46TD3" errors="0">
  <testcase name="browser_Launch" time="0.013" classname="com.testing.feature.Invocation_Count"/>
  <testcase name="credentials" time="0.001" classname="com.testing.feature.Invocation_Count"/>
  <testcase name="refresh" time="0.004" classname="com.testing.feature.Invocation_Count"/>
  <testcase name="refresh" time="0.002" classname="com.testing.feature.Invocation_Count"/>
  <testcase name="refresh" time="0.001" classname="com.testing.feature.Invocation_Count"/>
  <testcase name="launch_Url" time="0.002" classname="com.testing.feature.Invocation_Count"/>
</testsuite> <!-- com.testing.feature.Invocation_Count -->
